
                            < M A T L A B (R) >
                  Copyright 1984-2013 The MathWorks, Inc.
                    R2013b (8.2.0.701) 64-bit (glnxa64)
                              August 13, 2013

 
To get started, type one of these: helpwin, helpdesk, or demo.
For product information, visit www.mathworks.com.
 
>> >> >> >> >> >> >> import done
matrix done
import done
matrix done
    0.0200

    0.0400

    0.0600

    0.0800

    0.1000

    0.1200

    0.1400

    0.1600

    0.1800

    0.2000

    0.2200

    0.2400

    0.2600

    0.2800

    0.3000

    0.3200

    0.3400

    0.3600

    0.3800

    0.4000

    0.4200

    0.4400

    0.4600

    0.4800

    0.5000

    0.5200

    0.5400

    0.5600

    0.5800

    0.6000

    0.6200

    0.6400

    0.6600

    0.6800

    0.7000

    0.7200

    0.7400

    0.7600

    0.7800

    0.8000

    0.8200

    0.8400

    0.8600

    0.8800

    0.9000

    0.9200

    0.9400

    0.9600

    0.9800

     1

Completed CA graphs for size 100
    0.0200

    0.0400

    0.0600

    0.0800

    0.1000

    0.1200

    0.1400

    0.1600

    0.1800

    0.2000

    0.2200

    0.2400

    0.2600

    0.2800

    0.3000

    0.3200

    0.3400

    0.3600

    0.3800

    0.4000

    0.4200

    0.4400

    0.4600

    0.4800

    0.5000

    0.5200

    0.5400

    0.5600

    0.5800

    0.6000

    0.6200

    0.6400

    0.6600

    0.6800

    0.7000

    0.7200

    0.7400

    0.7600

    0.7800

    0.8000

    0.8200

    0.8400

    0.8600

    0.8800

    0.9000

    0.9200

    0.9400

    0.9600

    0.9800

     1

Completed TX graphs for size 100

ans =

     1

import done
matrix done
import done
matrix done
    0.0200

    0.0400

    0.0600

    0.0800

    0.1000

    0.1200

    0.1400

    0.1600

    0.1800

    0.2000

    0.2200

    0.2400

    0.2600

    0.2800

    0.3000

    0.3200

    0.3400

    0.3600

    0.3800

    0.4000

    0.4200

    0.4400

    0.4600

    0.4800

    0.5000

    0.5200

    0.5400

    0.5600

    0.5800

    0.6000

    0.6200

    0.6400

    0.6600

    0.6800

    0.7000

    0.7200

    0.7400

    0.7600

    0.7800

    0.8000

    0.8200

    0.8400

    0.8600

    0.8800

    0.9000

    0.9200

    0.9400

    0.9600

    0.9800

     1

Completed CA graphs for size 200
    0.0200

    0.0400

    0.0600

    0.0800

    0.1000

    0.1200

    0.1400

    0.1600

    0.1800

    0.2000

    0.2200

    0.2400

    0.2600

    0.2800

    0.3000

    0.3200

    0.3400

    0.3600

    0.3800

    0.4000

    0.4200

    0.4400

    0.4600

    0.4800

    0.5000

    0.5200

    0.5400

    0.5600

    0.5800

    0.6000

    0.6200

    0.6400

    0.6600

    0.6800

    0.7000

    0.7200

    0.7400

    0.7600

    0.7800

    0.8000

    0.8200

    0.8400

    0.8600

    0.8800

    0.9000

    0.9200

    0.9400

    0.9600

    0.9800

     1

Completed TX graphs for size 200
{Error using save
Unable to write file ~/dokument/exjobb/my_code/data/ROADS200: No such file or
directory.

Error in CreateRoadData (line 79)
    save(filename, 'ROADS', 'lroads', '-append');
} 
>> 