
                            < M A T L A B (R) >
                  Copyright 1984-2013 The MathWorks, Inc.
                    R2013b (8.2.0.701) 64-bit (glnxa64)
                              August 13, 2013

 
To get started, type one of these: helpwin, helpdesk, or demo.
For product information, visit www.mathworks.com.
 
>> >> >> >> >> >> >> >> Finished F-W on graph 1, working toward 100
Finished F-W on graph 2, working toward 100
Finished F-W on graph 3, working toward 100
Finished F-W on graph 4, working toward 100
Finished F-W on graph 5, working toward 100
Finished F-W on graph 6, working toward 100
Finished F-W on graph 7, working toward 100
Finished F-W on graph 8, working toward 100
Finished F-W on graph 9, working toward 100
Finished F-W on graph 10, working toward 100
Finished F-W on graph 11, working toward 100
Finished F-W on graph 12, working toward 100
Finished F-W on graph 13, working toward 100
Finished F-W on graph 14, working toward 100
Finished F-W on graph 15, working toward 100
Finished F-W on graph 16, working toward 100
Finished F-W on graph 17, working toward 100
Finished F-W on graph 18, working toward 100
Finished F-W on graph 19, working toward 100
Finished F-W on graph 20, working toward 100
Finished F-W on graph 21, working toward 100
Finished F-W on graph 22, working toward 100
Finished F-W on graph 23, working toward 100
Finished F-W on graph 24, working toward 100
Finished F-W on graph 25, working toward 100
Finished F-W on graph 26, working toward 100
Finished F-W on graph 27, working toward 100
Finished F-W on graph 28, working toward 100
Finished F-W on graph 29, working toward 100
Finished F-W on graph 30, working toward 100
Finished F-W on graph 31, working toward 100
Finished F-W on graph 32, working toward 100
Finished F-W on graph 33, working toward 100
Finished F-W on graph 34, working toward 100
Finished F-W on graph 35, working toward 100
