
                            < M A T L A B (R) >
                  Copyright 1984-2013 The MathWorks, Inc.
                    R2013b (8.2.0.701) 64-bit (glnxa64)
                              August 13, 2013

 
To get started, type one of these: helpwin, helpdesk, or demo.
For product information, visit www.mathworks.com.
 
>> >> >> >> >> >> >> >> >> Cleared the section assignment
>> >> Entered floyd-warshal loop
Step 1 out of 5000 of F-W
Step 2 out of 5000 of F-W
Step 3 out of 5000 of F-W
Step 4 out of 5000 of F-W
Step 5 out of 5000 of F-W
Step 6 out of 5000 of F-W
Step 7 out of 5000 of F-W
Step 8 out of 5000 of F-W
Step 9 out of 5000 of F-W
Step 10 out of 5000 of F-W
Step 11 out of 5000 of F-W
Step 12 out of 5000 of F-W
Step 13 out of 5000 of F-W
Step 14 out of 5000 of F-W
Step 15 out of 5000 of F-W
Step 16 out of 5000 of F-W
Step 17 out of 5000 of F-W
Step 18 out of 5000 of F-W
Step 19 out of 5000 of F-W
Step 20 out of 5000 of F-W
Step 21 out of 5000 of F-W
Step 22 out of 5000 of F-W
Step 23 out of 5000 of F-W
Step 24 out of 5000 of F-W
Step 25 out of 5000 of F-W
Step 26 out of 5000 of F-W
Step 27 out of 5000 of F-W
Step 28 out of 5000 of F-W
Step 29 out of 5000 of F-W
Step 30 out of 5000 of F-W
Step 31 out of 5000 of F-W
Step 32 out of 5000 of F-W
Step 33 out of 5000 of F-W
Step 34 out of 5000 of F-W
Step 35 out of 5000 of F-W
Step 36 out of 5000 of F-W
Step 37 out of 5000 of F-W
Step 38 out of 5000 of F-W
Step 39 out of 5000 of F-W
Step 40 out of 5000 of F-W
Step 41 out of 5000 of F-W
Step 42 out of 5000 of F-W
Step 43 out of 5000 of F-W
Step 44 out of 5000 of F-W
Step 45 out of 5000 of F-W
Step 46 out of 5000 of F-W
Step 47 out of 5000 of F-W
Step 48 out of 5000 of F-W
Step 49 out of 5000 of F-W
Step 50 out of 5000 of F-W
Step 51 out of 5000 of F-W
Step 52 out of 5000 of F-W
Step 53 out of 5000 of F-W
Step 54 out of 5000 of F-W
Step 55 out of 5000 of F-W
Step 56 out of 5000 of F-W
Step 57 out of 5000 of F-W
Step 58 out of 5000 of F-W
Step 59 out of 5000 of F-W
Step 60 out of 5000 of F-W
Step 61 out of 5000 of F-W
Step 62 out of 5000 of F-W
Step 63 out of 5000 of F-W
Step 64 out of 5000 of F-W
Step 65 out of 5000 of F-W
Step 66 out of 5000 of F-W
Step 67 out of 5000 of F-W
Step 68 out of 5000 of F-W
Step 69 out of 5000 of F-W
Step 70 out of 5000 of F-W
Step 71 out of 5000 of F-W
Step 72 out of 5000 of F-W
Step 73 out of 5000 of F-W
Step 74 out of 5000 of F-W
Step 75 out of 5000 of F-W
Step 76 out of 5000 of F-W
Step 77 out of 5000 of F-W
Step 78 out of 5000 of F-W
Step 79 out of 5000 of F-W
Step 80 out of 5000 of F-W
Step 81 out of 5000 of F-W
Step 82 out of 5000 of F-W
Step 83 out of 5000 of F-W
Step 84 out of 5000 of F-W
Step 85 out of 5000 of F-W
Step 86 out of 5000 of F-W
Step 87 out of 5000 of F-W
Step 88 out of 5000 of F-W
Step 89 out of 5000 of F-W
Step 90 out of 5000 of F-W
Step 91 out of 5000 of F-W
Step 92 out of 5000 of F-W
Step 93 out of 5000 of F-W
Step 94 out of 5000 of F-W
Step 95 out of 5000 of F-W
Step 96 out of 5000 of F-W
Step 97 out of 5000 of F-W
Step 98 out of 5000 of F-W
Step 99 out of 5000 of F-W
Step 100 out of 5000 of F-W
Step 101 out of 5000 of F-W
Step 102 out of 5000 of F-W
Step 103 out of 5000 of F-W
Step 104 out of 5000 of F-W
Step 105 out of 5000 of F-W
Step 106 out of 5000 of F-W
Step 107 out of 5000 of F-W
Step 108 out of 5000 of F-W
Step 109 out of 5000 of F-W
Step 110 out of 5000 of F-W
Step 111 out of 5000 of F-W
Step 112 out of 5000 of F-W
Step 113 out of 5000 of F-W
Step 114 out of 5000 of F-W
Step 115 out of 5000 of F-W
Step 116 out of 5000 of F-W
Step 117 out of 5000 of F-W
Step 118 out of 5000 of F-W
Step 119 out of 5000 of F-W
Step 120 out of 5000 of F-W
Step 121 out of 5000 of F-W
Step 122 out of 5000 of F-W
Step 123 out of 5000 of F-W
Step 124 out of 5000 of F-W
Step 125 out of 5000 of F-W
Step 126 out of 5000 of F-W
Step 127 out of 5000 of F-W
Step 128 out of 5000 of F-W
Step 129 out of 5000 of F-W
Step 130 out of 5000 of F-W
Step 131 out of 5000 of F-W
Step 132 out of 5000 of F-W
Step 133 out of 5000 of F-W
Step 134 out of 5000 of F-W
Step 135 out of 5000 of F-W
Step 136 out of 5000 of F-W
Step 137 out of 5000 of F-W
Step 138 out of 5000 of F-W
Step 139 out of 5000 of F-W
Step 140 out of 5000 of F-W
Step 141 out of 5000 of F-W
Step 142 out of 5000 of F-W
Step 143 out of 5000 of F-W
Step 144 out of 5000 of F-W
Step 145 out of 5000 of F-W
Step 146 out of 5000 of F-W
Step 147 out of 5000 of F-W
Step 148 out of 5000 of F-W
Step 149 out of 5000 of F-W
Step 150 out of 5000 of F-W
Step 151 out of 5000 of F-W
Step 152 out of 5000 of F-W
Step 153 out of 5000 of F-W
Step 154 out of 5000 of F-W
Step 155 out of 5000 of F-W
Step 156 out of 5000 of F-W
Step 157 out of 5000 of F-W
Step 158 out of 5000 of F-W
Step 159 out of 5000 of F-W
Step 160 out of 5000 of F-W
Step 161 out of 5000 of F-W
Step 162 out of 5000 of F-W
Step 163 out of 5000 of F-W
Step 164 out of 5000 of F-W
Step 165 out of 5000 of F-W
Step 166 out of 5000 of F-W
Step 167 out of 5000 of F-W
Step 168 out of 5000 of F-W
Step 169 out of 5000 of F-W
Step 170 out of 5000 of F-W
Step 171 out of 5000 of F-W
Step 172 out of 5000 of F-W
Step 173 out of 5000 of F-W
Step 174 out of 5000 of F-W
Step 175 out of 5000 of F-W
Step 176 out of 5000 of F-W
Step 177 out of 5000 of F-W
Step 178 out of 5000 of F-W
Step 179 out of 5000 of F-W
Step 180 out of 5000 of F-W
Step 181 out of 5000 of F-W
Step 182 out of 5000 of F-W
Step 183 out of 5000 of F-W
Step 184 out of 5000 of F-W
Step 185 out of 5000 of F-W
Step 186 out of 5000 of F-W
Step 187 out of 5000 of F-W
Step 188 out of 5000 of F-W
Step 189 out of 5000 of F-W
Step 190 out of 5000 of F-W
Step 191 out of 5000 of F-W
Step 192 out of 5000 of F-W
Step 193 out of 5000 of F-W
Step 194 out of 5000 of F-W
Step 195 out of 5000 of F-W
Step 196 out of 5000 of F-W
Step 197 out of 5000 of F-W
Step 198 out of 5000 of F-W
Step 199 out of 5000 of F-W
Step 200 out of 5000 of F-W
Step 201 out of 5000 of F-W
Step 202 out of 5000 of F-W
Step 203 out of 5000 of F-W
Step 204 out of 5000 of F-W
Step 205 out of 5000 of F-W
Step 206 out of 5000 of F-W
Step 207 out of 5000 of F-W
Step 208 out of 5000 of F-W
Step 209 out of 5000 of F-W
Step 210 out of 5000 of F-W
Step 211 out of 5000 of F-W
Step 212 out of 5000 of F-W
Step 213 out of 5000 of F-W
Step 214 out of 5000 of F-W
Step 215 out of 5000 of F-W
Step 216 out of 5000 of F-W
Step 217 out of 5000 of F-W
Step 218 out of 5000 of F-W
Step 219 out of 5000 of F-W
Step 220 out of 5000 of F-W
Step 221 out of 5000 of F-W
Step 222 out of 5000 of F-W
Step 223 out of 5000 of F-W
Step 224 out of 5000 of F-W
Step 225 out of 5000 of F-W
Step 226 out of 5000 of F-W
Step 227 out of 5000 of F-W
Step 228 out of 5000 of F-W
Step 229 out of 5000 of F-W
Step 230 out of 5000 of F-W
Step 231 out of 5000 of F-W
Step 232 out of 5000 of F-W
Step 233 out of 5000 of F-W
Step 234 out of 5000 of F-W
Step 235 out of 5000 of F-W
Step 236 out of 5000 of F-W
Step 237 out of 5000 of F-W
Step 238 out of 5000 of F-W
Step 239 out of 5000 of F-W
Step 240 out of 5000 of F-W
Step 241 out of 5000 of F-W
Step 242 out of 5000 of F-W
Step 243 out of 5000 of F-W
Step 244 out of 5000 of F-W
Step 245 out of 5000 of F-W
Step 246 out of 5000 of F-W
Step 247 out of 5000 of F-W
Step 248 out of 5000 of F-W
Step 249 out of 5000 of F-W
Step 250 out of 5000 of F-W
Step 251 out of 5000 of F-W
Step 252 out of 5000 of F-W
Step 253 out of 5000 of F-W
Step 254 out of 5000 of F-W
Step 255 out of 5000 of F-W
Step 256 out of 5000 of F-W
Step 257 out of 5000 of F-W
Step 258 out of 5000 of F-W
Step 259 out of 5000 of F-W
Step 260 out of 5000 of F-W
Step 261 out of 5000 of F-W
Step 262 out of 5000 of F-W
Step 263 out of 5000 of F-W
Step 264 out of 5000 of F-W
Step 265 out of 5000 of F-W
Step 266 out of 5000 of F-W
Step 267 out of 5000 of F-W
Step 268 out of 5000 of F-W
Step 269 out of 5000 of F-W
Step 270 out of 5000 of F-W
Step 271 out of 5000 of F-W
Step 272 out of 5000 of F-W
Step 273 out of 5000 of F-W
Step 274 out of 5000 of F-W
Step 275 out of 5000 of F-W
Step 276 out of 5000 of F-W
Step 277 out of 5000 of F-W
Step 278 out of 5000 of F-W
Step 279 out of 5000 of F-W
Step 280 out of 5000 of F-W
Step 281 out of 5000 of F-W
Step 282 out of 5000 of F-W
Step 283 out of 5000 of F-W
Step 284 out of 5000 of F-W
Step 285 out of 5000 of F-W
Step 286 out of 5000 of F-W
Step 287 out of 5000 of F-W
Step 288 out of 5000 of F-W
Step 289 out of 5000 of F-W
Step 290 out of 5000 of F-W
Step 291 out of 5000 of F-W
Step 292 out of 5000 of F-W
Step 293 out of 5000 of F-W
Step 294 out of 5000 of F-W
Step 295 out of 5000 of F-W
Step 296 out of 5000 of F-W
Step 297 out of 5000 of F-W
Step 298 out of 5000 of F-W
Step 299 out of 5000 of F-W
Step 300 out of 5000 of F-W
Step 301 out of 5000 of F-W
Step 302 out of 5000 of F-W
Step 303 out of 5000 of F-W
Step 304 out of 5000 of F-W
Step 305 out of 5000 of F-W
Step 306 out of 5000 of F-W
Step 307 out of 5000 of F-W
Step 308 out of 5000 of F-W
Step 309 out of 5000 of F-W
Step 310 out of 5000 of F-W
Step 311 out of 5000 of F-W
Step 312 out of 5000 of F-W
Step 313 out of 5000 of F-W
Step 314 out of 5000 of F-W
Step 315 out of 5000 of F-W
Step 316 out of 5000 of F-W
Step 317 out of 5000 of F-W
Step 318 out of 5000 of F-W
Step 319 out of 5000 of F-W
Step 320 out of 5000 of F-W
Step 321 out of 5000 of F-W
Step 322 out of 5000 of F-W
Step 323 out of 5000 of F-W
Step 324 out of 5000 of F-W
Step 325 out of 5000 of F-W
Step 326 out of 5000 of F-W
Step 327 out of 5000 of F-W
Step 328 out of 5000 of F-W
Step 329 out of 5000 of F-W
Step 330 out of 5000 of F-W
Step 331 out of 5000 of F-W
Step 332 out of 5000 of F-W
Step 333 out of 5000 of F-W
Step 334 out of 5000 of F-W
Step 335 out of 5000 of F-W
Step 336 out of 5000 of F-W
Step 337 out of 5000 of F-W
Step 338 out of 5000 of F-W
Step 339 out of 5000 of F-W
Step 340 out of 5000 of F-W
Step 341 out of 5000 of F-W
Step 342 out of 5000 of F-W
Step 343 out of 5000 of F-W
Step 344 out of 5000 of F-W
Step 345 out of 5000 of F-W
Step 346 out of 5000 of F-W
Step 347 out of 5000 of F-W
Step 348 out of 5000 of F-W
Step 349 out of 5000 of F-W
Step 350 out of 5000 of F-W
Step 351 out of 5000 of F-W
Step 352 out of 5000 of F-W
Step 353 out of 5000 of F-W
Step 354 out of 5000 of F-W
Step 355 out of 5000 of F-W
Step 356 out of 5000 of F-W
Step 357 out of 5000 of F-W
Step 358 out of 5000 of F-W
Step 359 out of 5000 of F-W
Step 360 out of 5000 of F-W
Step 361 out of 5000 of F-W
Step 362 out of 5000 of F-W
Step 363 out of 5000 of F-W
Step 364 out of 5000 of F-W
Step 365 out of 5000 of F-W
Step 366 out of 5000 of F-W
Step 367 out of 5000 of F-W
Step 368 out of 5000 of F-W
Step 369 out of 5000 of F-W
Step 370 out of 5000 of F-W
Step 371 out of 5000 of F-W
Step 372 out of 5000 of F-W
Step 373 out of 5000 of F-W
Step 374 out of 5000 of F-W
Step 375 out of 5000 of F-W
Step 376 out of 5000 of F-W
Step 377 out of 5000 of F-W
Step 378 out of 5000 of F-W
Step 379 out of 5000 of F-W
Step 380 out of 5000 of F-W
Step 381 out of 5000 of F-W
Step 382 out of 5000 of F-W
Step 383 out of 5000 of F-W
Step 384 out of 5000 of F-W
Step 385 out of 5000 of F-W
Step 386 out of 5000 of F-W
Step 387 out of 5000 of F-W
Step 388 out of 5000 of F-W
Step 389 out of 5000 of F-W
Step 390 out of 5000 of F-W
Step 391 out of 5000 of F-W
Step 392 out of 5000 of F-W
Step 393 out of 5000 of F-W
Step 394 out of 5000 of F-W
Step 395 out of 5000 of F-W
Step 396 out of 5000 of F-W
Step 397 out of 5000 of F-W
Step 398 out of 5000 of F-W
Step 399 out of 5000 of F-W
Step 400 out of 5000 of F-W
Step 401 out of 5000 of F-W
Step 402 out of 5000 of F-W
Step 403 out of 5000 of F-W
Step 404 out of 5000 of F-W
Step 405 out of 5000 of F-W
Step 406 out of 5000 of F-W
Step 407 out of 5000 of F-W
Step 408 out of 5000 of F-W
Step 409 out of 5000 of F-W
Step 410 out of 5000 of F-W
Step 411 out of 5000 of F-W
Step 412 out of 5000 of F-W
Step 413 out of 5000 of F-W
Step 414 out of 5000 of F-W
Step 415 out of 5000 of F-W
Step 416 out of 5000 of F-W
Step 417 out of 5000 of F-W
