
                            < M A T L A B (R) >
                  Copyright 1984-2013 The MathWorks, Inc.
                    R2013b (8.2.0.701) 64-bit (glnxa64)
                              August 13, 2013

 
To get started, type one of these: helpwin, helpdesk, or demo.
For product information, visit www.mathworks.com.
 
>> >> >> >> >> >> >> >> >> Cleared the section assignment
>> >> Entered floyd-warshal loop
Step 1 out of 5000 of F-W
Step 2 out of 5000 of F-W
Step 3 out of 5000 of F-W
Step 4 out of 5000 of F-W
Step 5 out of 5000 of F-W
Step 6 out of 5000 of F-W
Step 7 out of 5000 of F-W
Step 8 out of 5000 of F-W
Step 9 out of 5000 of F-W
Step 10 out of 5000 of F-W
Step 11 out of 5000 of F-W
Step 12 out of 5000 of F-W
Step 13 out of 5000 of F-W
Step 14 out of 5000 of F-W
Step 15 out of 5000 of F-W
Step 16 out of 5000 of F-W
Step 17 out of 5000 of F-W
Step 18 out of 5000 of F-W
Step 19 out of 5000 of F-W
Step 20 out of 5000 of F-W
Step 21 out of 5000 of F-W
Step 22 out of 5000 of F-W
Step 23 out of 5000 of F-W
Step 24 out of 5000 of F-W
Step 25 out of 5000 of F-W
Step 26 out of 5000 of F-W
Step 27 out of 5000 of F-W
Step 28 out of 5000 of F-W
Step 29 out of 5000 of F-W
Step 30 out of 5000 of F-W
Step 31 out of 5000 of F-W
Step 32 out of 5000 of F-W
Step 33 out of 5000 of F-W
Step 34 out of 5000 of F-W
Step 35 out of 5000 of F-W
Step 36 out of 5000 of F-W
Step 37 out of 5000 of F-W
Step 38 out of 5000 of F-W
Step 39 out of 5000 of F-W
Step 40 out of 5000 of F-W
Step 41 out of 5000 of F-W
Step 42 out of 5000 of F-W
Step 43 out of 5000 of F-W
Step 44 out of 5000 of F-W
Step 45 out of 5000 of F-W
Step 46 out of 5000 of F-W
Step 47 out of 5000 of F-W
Step 48 out of 5000 of F-W
Step 49 out of 5000 of F-W
Step 50 out of 5000 of F-W
Step 51 out of 5000 of F-W
Step 52 out of 5000 of F-W
Step 53 out of 5000 of F-W
Step 54 out of 5000 of F-W
Step 55 out of 5000 of F-W
Step 56 out of 5000 of F-W
Step 57 out of 5000 of F-W
Step 58 out of 5000 of F-W
Step 59 out of 5000 of F-W
Step 60 out of 5000 of F-W
Step 61 out of 5000 of F-W
Step 62 out of 5000 of F-W
Step 63 out of 5000 of F-W
Step 64 out of 5000 of F-W
Step 65 out of 5000 of F-W
Step 66 out of 5000 of F-W
Step 67 out of 5000 of F-W
Step 68 out of 5000 of F-W
Step 69 out of 5000 of F-W
Step 70 out of 5000 of F-W
Step 71 out of 5000 of F-W
Step 72 out of 5000 of F-W
Step 73 out of 5000 of F-W
Step 74 out of 5000 of F-W
Step 75 out of 5000 of F-W
Step 76 out of 5000 of F-W
Step 77 out of 5000 of F-W
Step 78 out of 5000 of F-W
Step 79 out of 5000 of F-W
Step 80 out of 5000 of F-W
Step 81 out of 5000 of F-W
Step 82 out of 5000 of F-W
Step 83 out of 5000 of F-W
Step 84 out of 5000 of F-W
Step 85 out of 5000 of F-W
Step 86 out of 5000 of F-W
Step 87 out of 5000 of F-W
Step 88 out of 5000 of F-W
Step 89 out of 5000 of F-W
Step 90 out of 5000 of F-W
Step 91 out of 5000 of F-W
Step 92 out of 5000 of F-W
Step 93 out of 5000 of F-W
Step 94 out of 5000 of F-W
Step 95 out of 5000 of F-W
Step 96 out of 5000 of F-W
Step 97 out of 5000 of F-W
Step 98 out of 5000 of F-W
Step 99 out of 5000 of F-W
Step 100 out of 5000 of F-W
Step 101 out of 5000 of F-W
Step 102 out of 5000 of F-W
Step 103 out of 5000 of F-W
Step 104 out of 5000 of F-W
Step 105 out of 5000 of F-W
Step 106 out of 5000 of F-W
Step 107 out of 5000 of F-W
Step 108 out of 5000 of F-W
Step 109 out of 5000 of F-W
Step 110 out of 5000 of F-W
Step 111 out of 5000 of F-W
Step 112 out of 5000 of F-W
Step 113 out of 5000 of F-W
Step 114 out of 5000 of F-W
Step 115 out of 5000 of F-W
Step 116 out of 5000 of F-W
Step 117 out of 5000 of F-W
Step 118 out of 5000 of F-W
Step 119 out of 5000 of F-W
Step 120 out of 5000 of F-W
Step 121 out of 5000 of F-W
Step 122 out of 5000 of F-W
Step 123 out of 5000 of F-W
Step 124 out of 5000 of F-W
Step 125 out of 5000 of F-W
Step 126 out of 5000 of F-W
Step 127 out of 5000 of F-W
Step 128 out of 5000 of F-W
Step 129 out of 5000 of F-W
Step 130 out of 5000 of F-W
Step 131 out of 5000 of F-W
Step 132 out of 5000 of F-W
Step 133 out of 5000 of F-W
Step 134 out of 5000 of F-W
Step 135 out of 5000 of F-W
Step 136 out of 5000 of F-W
Step 137 out of 5000 of F-W
Step 138 out of 5000 of F-W
Step 139 out of 5000 of F-W
Step 140 out of 5000 of F-W
Step 141 out of 5000 of F-W
Step 142 out of 5000 of F-W
Step 143 out of 5000 of F-W
Step 144 out of 5000 of F-W
Step 145 out of 5000 of F-W
Step 146 out of 5000 of F-W
Step 147 out of 5000 of F-W
Step 148 out of 5000 of F-W
Step 149 out of 5000 of F-W
Step 150 out of 5000 of F-W
Step 151 out of 5000 of F-W
Step 152 out of 5000 of F-W
Step 153 out of 5000 of F-W
Step 154 out of 5000 of F-W
Step 155 out of 5000 of F-W
Step 156 out of 5000 of F-W
Step 157 out of 5000 of F-W
Step 158 out of 5000 of F-W
Step 159 out of 5000 of F-W
Step 160 out of 5000 of F-W
Step 161 out of 5000 of F-W
Step 162 out of 5000 of F-W
Step 163 out of 5000 of F-W
