
                            < M A T L A B (R) >
                  Copyright 1984-2013 The MathWorks, Inc.
                    R2013b (8.2.0.701) 64-bit (glnxa64)
                              August 13, 2013

 
To get started, type one of these: helpwin, helpdesk, or demo.
For product information, visit www.mathworks.com.
 
>> >> >> >> >> >> >> >> >> >> >> >> >> Computing standard kernel accuracy:
Computing kernel value errors
Computing sampling kernel classification accuracies:
Acc. for SampleLast kernel
Acc. for SampleFirst kernel
Finished accuracies for trial 1, m-value 1
Acc. for SampleLast kernel
Acc. for SampleFirst kernel
Finished accuracies for trial 2, m-value 1
Acc. for SampleLast kernel
Acc. for SampleFirst kernel
Finished accuracies for trial 3, m-value 1
Acc. for SampleLast kernel
Acc. for SampleFirst kernel
Finished accuracies for trial 4, m-value 1
Acc. for SampleLast kernel
Acc. for SampleFirst kernel
Finished accuracies for trial 5, m-value 1
Acc. for SampleLast kernel
Acc. for SampleFirst kernel
Finished accuracies for trial 6, m-value 1
Acc. for SampleLast kernel
Acc. for SampleFirst kernel
Finished accuracies for trial 7, m-value 1
Acc. for SampleLast kernel
Acc. for SampleFirst kernel
Finished accuracies for trial 8, m-value 1
Acc. for SampleLast kernel
Acc. for SampleFirst kernel
Finished accuracies for trial 9, m-value 1
Acc. for SampleLast kernel
Acc. for SampleFirst kernel
Finished accuracies for trial 10, m-value 1
Acc. for SampleLast kernel
Acc. for SampleFirst kernel
Finished accuracies for trial 11, m-value 1
Acc. for SampleLast kernel
Acc. for SampleFirst kernel
Finished accuracies for trial 12, m-value 1
Acc. for SampleLast kernel
Acc. for SampleFirst kernel
Finished accuracies for trial 13, m-value 1
Acc. for SampleLast kernel
Acc. for SampleFirst kernel
Finished accuracies for trial 14, m-value 1
Acc. for SampleLast kernel
Acc. for SampleFirst kernel
Finished accuracies for trial 15, m-value 1
Acc. for SampleLast kernel
Acc. for SampleFirst kernel
Finished accuracies for trial 16, m-value 1
Acc. for SampleLast kernel
Acc. for SampleFirst kernel
Finished accuracies for trial 17, m-value 1
Acc. for SampleLast kernel
Acc. for SampleFirst kernel
Finished accuracies for trial 18, m-value 1
Acc. for SampleLast kernel
Acc. for SampleFirst kernel
Finished accuracies for trial 19, m-value 1
Acc. for SampleLast kernel
Acc. for SampleFirst kernel
Finished accuracies for trial 20, m-value 1
Finished accuracies for all trials, m-value 1 out of 6
Acc. for SampleLast kernel
Acc. for SampleFirst kernel
Finished accuracies for trial 1, m-value 2
Acc. for SampleLast kernel
Acc. for SampleFirst kernel
Finished accuracies for trial 2, m-value 2
Acc. for SampleLast kernel
Acc. for SampleFirst kernel
Finished accuracies for trial 3, m-value 2
Acc. for SampleLast kernel
Acc. for SampleFirst kernel
Finished accuracies for trial 4, m-value 2
Acc. for SampleLast kernel
Acc. for SampleFirst kernel
Finished accuracies for trial 5, m-value 2
Acc. for SampleLast kernel
Acc. for SampleFirst kernel
Finished accuracies for trial 6, m-value 2
Acc. for SampleLast kernel
Acc. for SampleFirst kernel
Finished accuracies for trial 7, m-value 2
Acc. for SampleLast kernel
Acc. for SampleFirst kernel
Finished accuracies for trial 8, m-value 2
Acc. for SampleLast kernel
Acc. for SampleFirst kernel
Finished accuracies for trial 9, m-value 2
Acc. for SampleLast kernel
Acc. for SampleFirst kernel
Finished accuracies for trial 10, m-value 2
Acc. for SampleLast kernel
Acc. for SampleFirst kernel
Finished accuracies for trial 11, m-value 2
Acc. for SampleLast kernel
Acc. for SampleFirst kernel
Finished accuracies for trial 12, m-value 2
Acc. for SampleLast kernel
Acc. for SampleFirst kernel
Finished accuracies for trial 13, m-value 2
Acc. for SampleLast kernel
Acc. for SampleFirst kernel
Finished accuracies for trial 14, m-value 2
Acc. for SampleLast kernel
Acc. for SampleFirst kernel
Finished accuracies for trial 15, m-value 2
Acc. for SampleLast kernel
Acc. for SampleFirst kernel
Finished accuracies for trial 16, m-value 2
Acc. for SampleLast kernel
Acc. for SampleFirst kernel
Finished accuracies for trial 17, m-value 2
Acc. for SampleLast kernel
Acc. for SampleFirst kernel
Finished accuracies for trial 18, m-value 2
Acc. for SampleLast kernel
Acc. for SampleFirst kernel
Finished accuracies for trial 19, m-value 2
Acc. for SampleLast kernel
Acc. for SampleFirst kernel
Finished accuracies for trial 20, m-value 2
Finished accuracies for all trials, m-value 2 out of 6
Acc. for SampleLast kernel
Acc. for SampleFirst kernel
Finished accuracies for trial 1, m-value 3
Acc. for SampleLast kernel
Acc. for SampleFirst kernel
Finished accuracies for trial 2, m-value 3
Acc. for SampleLast kernel
Acc. for SampleFirst kernel
Finished accuracies for trial 3, m-value 3
Acc. for SampleLast kernel
Acc. for SampleFirst kernel
Finished accuracies for trial 4, m-value 3
Acc. for SampleLast kernel
Acc. for SampleFirst kernel
Finished accuracies for trial 5, m-value 3
Acc. for SampleLast kernel
Acc. for SampleFirst kernel
Finished accuracies for trial 6, m-value 3
Acc. for SampleLast kernel
Acc. for SampleFirst kernel
Finished accuracies for trial 7, m-value 3
Acc. for SampleLast kernel
Acc. for SampleFirst kernel
Finished accuracies for trial 8, m-value 3
Acc. for SampleLast kernel
Acc. for SampleFirst kernel
Finished accuracies for trial 9, m-value 3
Acc. for SampleLast kernel
Acc. for SampleFirst kernel
Finished accuracies for trial 10, m-value 3
Acc. for SampleLast kernel
Acc. for SampleFirst kernel
Finished accuracies for trial 11, m-value 3
Acc. for SampleLast kernel
Acc. for SampleFirst kernel
Finished accuracies for trial 12, m-value 3
Acc. for SampleLast kernel
Acc. for SampleFirst kernel
Finished accuracies for trial 13, m-value 3
Acc. for SampleLast kernel
Acc. for SampleFirst kernel
Finished accuracies for trial 14, m-value 3
Acc. for SampleLast kernel
Acc. for SampleFirst kernel
Finished accuracies for trial 15, m-value 3
Acc. for SampleLast kernel
Acc. for SampleFirst kernel
Finished accuracies for trial 16, m-value 3
Acc. for SampleLast kernel
Acc. for SampleFirst kernel
Finished accuracies for trial 17, m-value 3
Acc. for SampleLast kernel
Acc. for SampleFirst kernel
Finished accuracies for trial 18, m-value 3
Acc. for SampleLast kernel
Acc. for SampleFirst kernel
Finished accuracies for trial 19, m-value 3
Acc. for SampleLast kernel
Acc. for SampleFirst kernel
Finished accuracies for trial 20, m-value 3
Finished accuracies for all trials, m-value 3 out of 6
Acc. for SampleLast kernel
Acc. for SampleFirst kernel
Finished accuracies for trial 1, m-value 4
Acc. for SampleLast kernel
Acc. for SampleFirst kernel
Finished accuracies for trial 2, m-value 4
Acc. for SampleLast kernel
Acc. for SampleFirst kernel
Finished accuracies for trial 3, m-value 4
Acc. for SampleLast kernel
Acc. for SampleFirst kernel
Finished accuracies for trial 4, m-value 4
Acc. for SampleLast kernel
Acc. for SampleFirst kernel
Finished accuracies for trial 5, m-value 4
Acc. for SampleLast kernel
Acc. for SampleFirst kernel
Finished accuracies for trial 6, m-value 4
Acc. for SampleLast kernel
Acc. for SampleFirst kernel
Finished accuracies for trial 7, m-value 4
Acc. for SampleLast kernel
Acc. for SampleFirst kernel
Finished accuracies for trial 8, m-value 4
Acc. for SampleLast kernel
Acc. for SampleFirst kernel
Finished accuracies for trial 9, m-value 4
Acc. for SampleLast kernel
Acc. for SampleFirst kernel
Finished accuracies for trial 10, m-value 4
Acc. for SampleLast kernel
Acc. for SampleFirst kernel
Finished accuracies for trial 11, m-value 4
Acc. for SampleLast kernel
Acc. for SampleFirst kernel
Finished accuracies for trial 12, m-value 4
Acc. for SampleLast kernel
Acc. for SampleFirst kernel
Finished accuracies for trial 13, m-value 4
Acc. for SampleLast kernel
Acc. for SampleFirst kernel
Finished accuracies for trial 14, m-value 4
Acc. for SampleLast kernel
Acc. for SampleFirst kernel
Finished accuracies for trial 15, m-value 4
Acc. for SampleLast kernel
Acc. for SampleFirst kernel
Finished accuracies for trial 16, m-value 4
Acc. for SampleLast kernel
Acc. for SampleFirst kernel
Finished accuracies for trial 17, m-value 4
Acc. for SampleLast kernel
Acc. for SampleFirst kernel
Finished accuracies for trial 18, m-value 4
Acc. for SampleLast kernel
Acc. for SampleFirst kernel
Finished accuracies for trial 19, m-value 4
Acc. for SampleLast kernel
Acc. for SampleFirst kernel
Finished accuracies for trial 20, m-value 4
Finished accuracies for all trials, m-value 4 out of 6
Acc. for SampleLast kernel
Acc. for SampleFirst kernel
Finished accuracies for trial 1, m-value 5
Acc. for SampleLast kernel
Acc. for SampleFirst kernel
Finished accuracies for trial 2, m-value 5
Acc. for SampleLast kernel
Acc. for SampleFirst kernel
Finished accuracies for trial 3, m-value 5
Acc. for SampleLast kernel
Acc. for SampleFirst kernel
Finished accuracies for trial 4, m-value 5
Acc. for SampleLast kernel
Acc. for SampleFirst kernel
Finished accuracies for trial 5, m-value 5
Acc. for SampleLast kernel
Acc. for SampleFirst kernel
Finished accuracies for trial 6, m-value 5
Acc. for SampleLast kernel
Acc. for SampleFirst kernel
Finished accuracies for trial 7, m-value 5
Acc. for SampleLast kernel
Acc. for SampleFirst kernel
Finished accuracies for trial 8, m-value 5
Acc. for SampleLast kernel
Acc. for SampleFirst kernel
Finished accuracies for trial 9, m-value 5
Acc. for SampleLast kernel
Acc. for SampleFirst kernel
Finished accuracies for trial 10, m-value 5
Acc. for SampleLast kernel
Acc. for SampleFirst kernel
Finished accuracies for trial 11, m-value 5
Acc. for SampleLast kernel
Acc. for SampleFirst kernel
Finished accuracies for trial 12, m-value 5
Acc. for SampleLast kernel
Acc. for SampleFirst kernel
Finished accuracies for trial 13, m-value 5
Acc. for SampleLast kernel
Acc. for SampleFirst kernel
Finished accuracies for trial 14, m-value 5
Acc. for SampleLast kernel
Acc. for SampleFirst kernel
Finished accuracies for trial 15, m-value 5
Acc. for SampleLast kernel
Acc. for SampleFirst kernel
Finished accuracies for trial 16, m-value 5
Acc. for SampleLast kernel
Acc. for SampleFirst kernel
Finished accuracies for trial 17, m-value 5
Acc. for SampleLast kernel
Acc. for SampleFirst kernel
Finished accuracies for trial 18, m-value 5
Acc. for SampleLast kernel
Acc. for SampleFirst kernel
Finished accuracies for trial 19, m-value 5
Acc. for SampleLast kernel
Acc. for SampleFirst kernel
Finished accuracies for trial 20, m-value 5
Finished accuracies for all trials, m-value 5 out of 6
Acc. for SampleLast kernel
Acc. for SampleFirst kernel
Finished accuracies for trial 1, m-value 6
Acc. for SampleLast kernel
Acc. for SampleFirst kernel
Finished accuracies for trial 2, m-value 6
Acc. for SampleLast kernel
Acc. for SampleFirst kernel
Finished accuracies for trial 3, m-value 6
Acc. for SampleLast kernel
Acc. for SampleFirst kernel
Finished accuracies for trial 4, m-value 6
Acc. for SampleLast kernel
Acc. for SampleFirst kernel
Finished accuracies for trial 5, m-value 6
Acc. for SampleLast kernel
Acc. for SampleFirst kernel
Finished accuracies for trial 6, m-value 6
Acc. for SampleLast kernel
Acc. for SampleFirst kernel
Finished accuracies for trial 7, m-value 6
Acc. for SampleLast kernel
Acc. for SampleFirst kernel
Finished accuracies for trial 8, m-value 6
Acc. for SampleLast kernel
Acc. for SampleFirst kernel
Finished accuracies for trial 9, m-value 6
Acc. for SampleLast kernel
Acc. for SampleFirst kernel
Finished accuracies for trial 10, m-value 6
Acc. for SampleLast kernel
Acc. for SampleFirst kernel
Finished accuracies for trial 11, m-value 6
Acc. for SampleLast kernel
Acc. for SampleFirst kernel
Finished accuracies for trial 12, m-value 6
Acc. for SampleLast kernel
Acc. for SampleFirst kernel
Finished accuracies for trial 13, m-value 6
Acc. for SampleLast kernel
Acc. for SampleFirst kernel
Finished accuracies for trial 14, m-value 6
Acc. for SampleLast kernel
Acc. for SampleFirst kernel
Finished accuracies for trial 15, m-value 6
Acc. for SampleLast kernel
Acc. for SampleFirst kernel
Finished accuracies for trial 16, m-value 6
Acc. for SampleLast kernel
Acc. for SampleFirst kernel
Finished accuracies for trial 17, m-value 6
Acc. for SampleLast kernel
Acc. for SampleFirst kernel
Finished accuracies for trial 18, m-value 6
Acc. for SampleLast kernel
Acc. for SampleFirst kernel
Finished accuracies for trial 19, m-value 6
Acc. for SampleLast kernel
Acc. for SampleFirst kernel
Finished accuracies for trial 20, m-value 6
Finished accuracies for all trials, m-value 6 out of 6
>> >> >> >> >> >> >> >> >> >> >> >> >> >> >> >> >> 